{
  "RSpec": {
    "coverage": {
      "/home/hubert/ror/angipl/spec/rails_helper.rb": [
        null,
        1,
        1,
        null,
        1,
        1,
        1,
        1,
        null,
        1,
        1,
        1,
        1,
        null,
        null,
        null,
        1,
        1,
        null,
        null,
        null,
        null,
        null,
        null,
        null,
        null,
        null,
        null,
        null,
        null,
        null,
        null,
        null,
        null,
        null,
        null,
        3,
        null,
        null,
        1,
        null,
        1,
        1,
        1,
        1,
        null,
        1,
        null,
        null,
        null,
        null,
        1,
        null,
        null,
        null,
        null,
        null,
        null,
        null,
        null,
        null,
        null,
        null,
        null,
        null,
        null,
        1,
        null,
        null,
        1,
        null,
        null,
        null
      ],
      "/home/hubert/ror/angipl/config/environment.rb": [
        null,
        1,
        null,
        null,
        1
      ],
      "/home/hubert/ror/angipl/config/application.rb": [
        1,
        null,
        1,
        null,
        null,
        null,
        1,
        null,
        1,
        1,
        null,
        null,
        null,
        null,
        null,
        null,
        null,
        null,
        null,
        null,
        1,
        null,
        null,
        1,
        1,
        null,
        null,
        null,
        null,
        null
      ],
      "/home/hubert/ror/angipl/config/boot.rb": [
        1,
        null,
        1
      ],
      "/home/hubert/ror/angipl/config/environments/test.rb": [
        1,
        null,
        null,
        null,
        null,
        null,
        null,
        1,
        null,
        null,
        null,
        null,
        1,
        null,
        null,
        1,
        1,
        null,
        null,
        1,
        1,
        null,
        null,
        1,
        null,
        null,
        1,
        null,
        null,
        null,
        null,
        1,
        null,
        null,
        1,
        null,
        null,
        1,
        null,
        null,
        null,
        null
      ],
      "/home/hubert/ror/angipl/config/initializers/assets.rb": [
        null,
        null,
        null,
        1,
        null,
        null,
        null,
        null,
        null,
        null,
        null
      ],
      "/home/hubert/ror/angipl/config/initializers/backtrace_silencers.rb": [
        null,
        null,
        null,
        null,
        null,
        null,
        null
      ],
      "/home/hubert/ror/angipl/config/initializers/cookies_serializer.rb": [
        null,
        null,
        1
      ],
      "/home/hubert/ror/angipl/config/initializers/devise.rb": [
        null,
        null,
        1,
        null,
        null,
        null,
        null,
        null,
        null,
        null,
        null,
        null,
        null,
        null,
        1,
        null,
        null,
        null,
        null,
        null,
        null,
        null,
        null,
        null,
        null,
        null,
        1,
        null,
        null,
        null,
        null,
        null,
        null,
        null,
        null,
        null,
        null,
        null,
        null,
        null,
        null,
        null,
        null,
        null,
        null,
        null,
        null,
        null,
        1,
        null,
        null,
        null,
        null,
        1,
        null,
        null,
        null,
        null,
        null,
        null,
        null,
        null,
        null,
        null,
        null,
        null,
        null,
        null,
        null,
        null,
        null,
        null,
        null,
        null,
        null,
        null,
        null,
        null,
        null,
        null,
        null,
        null,
        null,
        null,
        1,
        null,
        null,
        null,
        null,
        null,
        null,
        null,
        null,
        null,
        null,
        null,
        null,
        null,
        null,
        null,
        null,
        1,
        null,
        null,
        null,
        null,
        null,
        null,
        null,
        null,
        null,
        null,
        null,
        null,
        null,
        null,
        null,
        null,
        null,
        null,
        null,
        null,
        null,
        null,
        null,
        null,
        null,
        null,
        null,
        1,
        null,
        null,
        null,
        null,
        null,
        null,
        null,
        null,
        null,
        1,
        null,
        null,
        null,
        null,
        null,
        null,
        null,
        null,
        null,
        null,
        1,
        null,
        null,
        null,
        null,
        1,
        null,
        null,
        null,
        null,
        null,
        null,
        null,
        null,
        null,
        null,
        null,
        null,
        null,
        null,
        null,
        null,
        null,
        null,
        null,
        null,
        null,
        null,
        null,
        null,
        null,
        null,
        null,
        null,
        null,
        null,
        null,
        null,
        null,
        null,
        null,
        null,
        null,
        null,
        null,
        null,
        1,
        null,
        null,
        null,
        null,
        null,
        null,
        null,
        null,
        null,
        null,
        null,
        null,
        null,
        null,
        null,
        null,
        null,
        null,
        null,
        null,
        null,
        null,
        null,
        null,
        null,
        null,
        null,
        null,
        null,
        null,
        null,
        null,
        null,
        null,
        null,
        null,
        null,
        null,
        null,
        null,
        null,
        1,
        null,
        null,
        null,
        null,
        null,
        null,
        null,
        null,
        null,
        null,
        null,
        null,
        null,
        null,
        null,
        null,
        null,
        null,
        null,
        null,
        null,
        null,
        null,
        null,
        null,
        null,
        null,
        null,
        null
      ],
      "/home/hubert/ror/angipl/config/initializers/filter_parameter_logging.rb": [
        null,
        null,
        null,
        1
      ],
      "/home/hubert/ror/angipl/config/initializers/inflections.rb": [
        null,
        null,
        null,
        null,
        null,
        null,
        null,
        null,
        null,
        null,
        null,
        null,
        null,
        null,
        null,
        null
      ],
      "/home/hubert/ror/angipl/config/initializers/kaminari.rb": [
        1,
        1,
        null
      ],
      "/home/hubert/ror/angipl/config/initializers/mime_types.rb": [
        null,
        null,
        null,
        null
      ],
      "/home/hubert/ror/angipl/config/initializers/rails_admin.rb": [
        1,
        null,
        null,
        null,
        null,
        1,
        0,
        null,
        1,
        null,
        null,
        null,
        null,
        null,
        null,
        null,
        null,
        null,
        null,
        null,
        null,
        1,
        1,
        1,
        1,
        1,
        1,
        1,
        1,
        1,
        1,
        null,
        null,
        null,
        null,
        null,
        null
      ],
      "/home/hubert/ror/angipl/config/initializers/session_store.rb": [
        null,
        null,
        1
      ],
      "/home/hubert/ror/angipl/config/initializers/simple_form.rb": [
        null,
        1,
        null,
        null,
        null,
        null,
        null,
        1,
        null,
        null,
        null,
        null,
        null,
        null,
        null,
        null,
        null,
        1,
        null,
        null,
        null,
        1,
        null,
        null,
        null,
        null,
        null,
        null,
        null,
        null,
        1,
        null,
        null,
        1,
        null,
        null,
        1,
        null,
        null,
        1,
        null,
        null,
        1,
        1,
        1,
        null,
        null,
        null,
        null,
        null,
        null,
        null,
        null,
        null,
        1,
        null,
        null,
        null,
        null,
        null,
        1,
        null,
        null,
        1,
        null,
        null,
        null,
        null,
        null,
        null,
        null,
        1,
        null,
        null,
        1,
        null,
        null,
        null,
        null,
        null,
        null,
        null,
        null,
        null,
        null,
        null,
        null,
        null,
        null,
        null,
        null,
        null,
        null,
        null,
        null,
        null,
        null,
        null,
        null,
        null,
        null,
        null,
        null,
        null,
        null,
        null,
        null,
        null,
        null,
        null,
        null,
        null,
        null,
        null,
        null,
        null,
        null,
        null,
        null,
        1,
        null,
        null,
        null,
        null,
        null,
        null,
        null,
        null,
        null,
        null,
        null,
        null,
        null,
        null,
        null,
        null,
        null,
        null,
        null,
        null,
        null,
        null,
        null,
        null,
        null,
        null,
        null,
        null,
        null,
        null,
        null,
        null,
        null,
        null,
        null,
        null,
        1,
        null,
        null,
        null,
        null,
        null,
        null,
        null,
        null
      ],
      "/home/hubert/ror/angipl/config/initializers/simple_form_bootstrap.rb": [
        null,
        1,
        1,
        1,
        1,
        null,
        1,
        1,
        1,
        1,
        1,
        1,
        1,
        1,
        null,
        1,
        1,
        1,
        null,
        null,
        1,
        1,
        1,
        1,
        1,
        1,
        null,
        1,
        1,
        1,
        null,
        null,
        1,
        1,
        1,
        null,
        1,
        1,
        null,
        null,
        1,
        1,
        null,
        null,
        1,
        1,
        1,
        1,
        1,
        1,
        1,
        null,
        null,
        1,
        1,
        1,
        1,
        1,
        1,
        1,
        1,
        null,
        1,
        1,
        1,
        1,
        null,
        null,
        null,
        1,
        1,
        1,
        1,
        1,
        1,
        null,
        1,
        1,
        1,
        1,
        null,
        null,
        null,
        1,
        1,
        1,
        null,
        1,
        1,
        1,
        null,
        null,
        1,
        1,
        null,
        null,
        null,
        1,
        1,
        1,
        null,
        1,
        null,
        1,
        1,
        1,
        1,
        null,
        null,
        null,
        1,
        1,
        1,
        1,
        1,
        1,
        1,
        1,
        null,
        1,
        1,
        1,
        null,
        null,
        1,
        1,
        1,
        1,
        1,
        1,
        1,
        1,
        null,
        null,
        null,
        null,
        null,
        null,
        1,
        1,
        null,
        null,
        null,
        null,
        null,
        null,
        null,
        null,
        null
      ],
      "/home/hubert/ror/angipl/config/initializers/wrap_parameters.rb": [
        null,
        null,
        null,
        null,
        null,
        null,
        1,
        1,
        null,
        null,
        null,
        null,
        null,
        null
      ],
      "/home/hubert/ror/angipl/spec/factories/categories.rb": [
        1,
        1,
        25,
        null,
        null
      ],
      "/home/hubert/ror/angipl/spec/factories/settings.rb": [
        1,
        1,
        1,
        1,
        null,
        null
      ],
      "/home/hubert/ror/angipl/spec/factories/users.rb": [
        1,
        1,
        44,
        44,
        44,
        null,
        null
      ],
      "/home/hubert/ror/angipl/spec/factories/words.rb": [
        1,
        1,
        271,
        271,
        271,
        251,
        1,
        null,
        null
      ],
      "/home/hubert/ror/angipl/config/routes.rb": [
        1,
        null,
        1,
        1,
        null,
        1,
        null,
        1,
        null,
        1,
        null,
        1,
        1,
        null,
        1,
        1,
        1,
        null,
        null,
        null,
        null,
        null,
        null,
        null,
        null,
        null,
        null,
        null,
        null,
        null,
        null,
        null,
        null,
        null,
        null,
        null,
        1,
        null,
        null,
        null,
        1,
        null,
        1,
        null,
        1,
        1,
        1,
        1,
        1,
        null,
        null,
        1,
        1,
        1,
        null,
        null,
        null,
        null,
        null,
        null,
        null,
        null,
        null,
        null,
        null,
        null,
        null,
        null,
        null,
        null,
        null,
        null,
        null,
        null,
        null,
        null,
        null,
        null,
        null,
        null,
        null,
        null,
        null,
        null,
        null,
        null,
        null,
        null,
        null,
        null,
        null,
        null,
        null,
        null,
        null,
        null,
        null,
        null,
        null,
        null,
        null,
        null,
        null,
        null,
        null,
        null,
        null,
        null,
        null,
        null,
        null,
        null
      ],
      "/home/hubert/ror/angipl/app/models/admin.rb": [
        1,
        null,
        null,
        1,
        null,
        null
      ],
      "/home/hubert/ror/angipl/app/models/user.rb": [
        1,
        null,
        null,
        1,
        null,
        1,
        1,
        1,
        1,
        1,
        1,
        null,
        1,
        1,
        null,
        1,
        54,
        null,
        null,
        1,
        54,
        null,
        null,
        null
      ],
      "/home/hubert/ror/angipl/app/helpers/application_helper.rb": [
        1,
        null,
        1,
        125,
        null,
        null,
        null
      ],
      "/home/hubert/ror/angipl/app/helpers/comments_helper.rb": [
        1,
        null
      ],
      "/home/hubert/ror/angipl/app/helpers/devise_helper.rb": [
        1,
        1,
        0,
        null,
        0,
        0,
        null,
        null,
        null,
        null,
        null,
        null,
        0,
        null,
        null
      ],
      "/home/hubert/ror/angipl/app/helpers/game_helper.rb": [
        1,
        null
      ],
      "/home/hubert/ror/angipl/app/helpers/pages_helper.rb": [
        1,
        null
      ],
      "/home/hubert/ror/angipl/app/helpers/rankings_helper.rb": [
        1,
        null
      ],
      "/home/hubert/ror/angipl/app/helpers/registrations_helper.rb": [
        1,
        null
      ],
      "/home/hubert/ror/angipl/app/helpers/settings_helper.rb": [
        1,
        null
      ],
      "/home/hubert/ror/angipl/app/helpers/words_helper.rb": [
        1,
        null,
        1,
        1,
        1,
        1,
        null,
        1,
        null,
        1,
        1,
        null,
        0,
        null,
        1,
        null,
        0,
        null,
        0,
        null,
        0,
        null,
        0,
        null,
        0,
        null,
        0,
        null,
        0,
        null,
        0,
        null,
        0,
        null,
        null,
        0,
        null,
        null,
        1,
        null,
        null,
        1,
        2,
        2,
        2,
        null,
        null,
        1,
        121,
        1,
        null,
        120,
        null,
        null,
        null,
        1,
        0,
        null,
        null,
        1,
        0,
        null,
        null,
        null
      ],
      "/home/hubert/ror/angipl/spec/support/database_cleaner.rb": [
        1,
        null,
        1,
        1,
        null,
        null,
        1,
        52,
        null,
        null,
        1,
        10,
        null,
        null,
        1,
        52,
        null,
        null,
        1,
        52,
        null,
        null,
        null
      ],
      "/home/hubert/ror/angipl/spec/support/features/session_helpers.rb": [
        null,
        1,
        1,
        1,
        0,
        0,
        0,
        0,
        0,
        0,
        null,
        null,
        null,
        1,
        25,
        25,
        25,
        25,
        25,
        null,
        null,
        1,
        6,
        null,
        null,
        null
      ],
      "/home/hubert/ror/angipl/spec/decorators/game_decorator_spec.rb": [
        1,
        null,
        1,
        null
      ],
      "/home/hubert/ror/angipl/app/decorators/game_decorator.rb": [
        1,
        1,
        null,
        null,
        null,
        null,
        null,
        null,
        null,
        null,
        null,
        null,
        null
      ],
      "/home/hubert/ror/angipl/spec/decorators/page_decorator_spec.rb": [
        1,
        null,
        1,
        null
      ],
      "/home/hubert/ror/angipl/app/decorators/page_decorator.rb": [
        1,
        1,
        null,
        null,
        null,
        null,
        null,
        null,
        null,
        null,
        null,
        null,
        null
      ],
      "/home/hubert/ror/angipl/spec/decorators/ranking_decorator_spec.rb": [
        1,
        null,
        1,
        null
      ],
      "/home/hubert/ror/angipl/app/decorators/ranking_decorator.rb": [
        1,
        1,
        null,
        null,
        null,
        null,
        null,
        null,
        null,
        null,
        null,
        null,
        1,
        null,
        2,
        1,
        null,
        1,
        null,
        null,
        null,
        null,
        null
      ],
      "/home/hubert/ror/angipl/spec/decorators/setting_decorator_spec.rb": [
        1,
        null,
        1,
        null
      ],
      "/home/hubert/ror/angipl/app/decorators/setting_decorator.rb": [
        1,
        1,
        null,
        null,
        null,
        null,
        null,
        null,
        null,
        null,
        null,
        null,
        null
      ],
      "/home/hubert/ror/angipl/app/models/setting.rb": [
        1,
        1,
        null
      ],
      "/home/hubert/ror/angipl/spec/factories_spec.rb": [
        1,
        4,
        4,
        4,
        null,
        null,
        null
      ],
      "/home/hubert/ror/angipl/spec/features/user_adds_comment_spec.rb": [
        1,
        null,
        1,
        null,
        4,
        4,
        null,
        1,
        3,
        3,
        3,
        null,
        null,
        null,
        1,
        1,
        1,
        1,
        1,
        null,
        null,
        null,
        1,
        1,
        1,
        1,
        1,
        null,
        null,
        null,
        1,
        1,
        1,
        null,
        1,
        null,
        null,
        null,
        null
      ],
      "/home/hubert/ror/angipl/spec/features/user_creates_word_spec.rb": [
        1,
        null,
        1,
        null,
        7,
        7,
        null,
        1,
        null,
        6,
        6,
        6,
        6,
        null,
        null,
        1,
        1,
        1,
        1,
        1,
        1,
        null,
        null,
        1,
        1,
        1,
        1,
        1,
        null,
        null,
        1,
        1,
        1,
        1,
        1,
        null,
        null,
        1,
        1,
        1,
        1,
        1,
        null,
        null,
        1,
        1,
        1,
        1,
        1,
        1,
        null,
        1,
        null,
        1,
        1,
        1,
        1,
        1,
        null,
        null,
        1,
        1,
        1,
        1,
        1,
        1,
        1,
        1,
        null,
        null,
        null
      ],
      "/home/hubert/ror/angipl/spec/features/user_edits_word_spec.rb": [
        1,
        null,
        1,
        null,
        3,
        null,
        1,
        2,
        2,
        2,
        2,
        null,
        null,
        1,
        1,
        1,
        1,
        1,
        1,
        null,
        1,
        null,
        1,
        1,
        1,
        null,
        1,
        null,
        1,
        null,
        null,
        1,
        1,
        1,
        null,
        null,
        null
      ],
      "/home/hubert/ror/angipl/spec/features/user_goes_to_contact_page_spec.rb": [
        1,
        null,
        1,
        null,
        3,
        3,
        null,
        1,
        2,
        2,
        2,
        null,
        null,
        null,
        1,
        1,
        1,
        null,
        null,
        1,
        1,
        1,
        1,
        null,
        null,
        null,
        null
      ],
      "/home/hubert/ror/angipl/spec/features/user_goes_to_czasy_and_czat_spec.rb": [
        1,
        null,
        1,
        null,
        3,
        3,
        null,
        1,
        2,
        2,
        2,
        null,
        null,
        null,
        1,
        1,
        1,
        1,
        1,
        null,
        null,
        1,
        1,
        1,
        1,
        1,
        1,
        null,
        null,
        null,
        null
      ],
      "/home/hubert/ror/angipl/spec/features/user_goes_to_my_words_spec.rb": [
        1,
        null,
        1,
        null,
        3,
        3,
        null,
        1,
        null,
        2,
        2,
        null,
        null,
        1,
        1,
        1,
        1,
        null,
        null,
        1,
        1,
        1,
        1,
        null,
        null,
        null
      ],
      "/home/hubert/ror/angipl/spec/features/user_goes_to_rankings_users_spec.rb": [
        1,
        null,
        1,
        null,
        4,
        null,
        1,
        1,
        1,
        null,
        null,
        1,
        1,
        1,
        1,
        1,
        1,
        1,
        1,
        1,
        null,
        null,
        1,
        1,
        1,
        1,
        1,
        1,
        null,
        null,
        null
      ],
      "/home/hubert/ror/angipl/spec/features/user_has_ability_spec.rb": [
        1,
        null,
        1,
        null,
        1,
        1,
        1,
        1,
        1,
        null,
        null
      ],
      "/home/hubert/ror/angipl/spec/features/user_hides_show_answers_button_spec.rb": [
        1,
        null,
        1,
        null,
        3,
        3,
        null,
        1,
        null,
        2,
        2,
        null,
        null,
        1,
        1,
        1,
        1,
        1,
        1,
        1,
        1,
        null,
        1,
        1,
        1,
        1,
        1,
        1,
        1,
        null,
        null,
        1,
        1,
        1,
        1,
        null,
        null,
        null
      ],
      "/home/hubert/ror/angipl/spec/features/user_plays_game_spec.rb": [
        1,
        null,
        1,
        3,
        null,
        1,
        1,
        1,
        1,
        1,
        null,
        1,
        1,
        1,
        null,
        null,
        1,
        1,
        1,
        1,
        null,
        1,
        1,
        1,
        null,
        null,
        null,
        null,
        null,
        null,
        null,
        null,
        null,
        null,
        null,
        null,
        null,
        null,
        null,
        null,
        null
      ],
      "/home/hubert/ror/angipl/spec/features/user_selects_category_spec.rb": [
        1,
        null,
        1,
        4,
        4,
        null,
        1,
        3,
        3,
        null,
        null,
        1,
        1,
        1,
        1,
        null,
        null,
        1,
        1,
        1,
        1,
        null,
        null,
        1,
        1,
        1,
        1,
        null,
        null,
        null
      ],
      "/home/hubert/ror/angipl/spec/models/category_spec.rb": [
        1,
        null,
        1,
        2,
        null
      ],
      "/home/hubert/ror/angipl/app/models/category.rb": [
        1,
        1,
        1,
        null
      ],
      "/home/hubert/ror/angipl/spec/models/comment_spec.rb": [
        1,
        null,
        1,
        2,
        2,
        null
      ],
      "/home/hubert/ror/angipl/app/models/comment.rb": [
        1,
        1,
        1,
        null,
        1,
        null
      ],
      "/home/hubert/ror/angipl/spec/models/setting_spec.rb": [
        1,
        null,
        1,
        2,
        null
      ],
      "/home/hubert/ror/angipl/spec/models/stat_spec.rb": [
        1,
        null,
        1,
        2,
        null
      ],
      "/home/hubert/ror/angipl/app/models/stat.rb": [
        1,
        1,
        null,
        5,
        null,
        null
      ],
      "/home/hubert/ror/angipl/spec/models/user_spec.rb": [
        1,
        null,
        1,
        null,
        1,
        2,
        2,
        2,
        null,
        null
      ],
      "/home/hubert/ror/angipl/spec/models/word_category_spec.rb": [
        1,
        null,
        1,
        2,
        2,
        null
      ],
      "/home/hubert/ror/angipl/app/models/word_category.rb": [
        1,
        1,
        1,
        null
      ],
      "/home/hubert/ror/angipl/spec/models/word_spec.rb": [
        1,
        null,
        1,
        1,
        2,
        2,
        2,
        2,
        2,
        null,
        null,
        1,
        2,
        2,
        null,
        null,
        1,
        2,
        2,
        2,
        null,
        null
      ],
      "/home/hubert/ror/angipl/app/models/word.rb": [
        1,
        null,
        1,
        null,
        1,
        1,
        1,
        1,
        1,
        1,
        1,
        1,
        1,
        null,
        1,
        1,
        1,
        null,
        134,
        1,
        35,
        1,
        1,
        null,
        1,
        null,
        1,
        0,
        0,
        null,
        null,
        null,
        null,
        1,
        288,
        288,
        null,
        null,
        1,
        0,
        0,
        null,
        null,
        null
      ],
      "/home/hubert/ror/angipl/app/controllers/application_controller.rb": [
        1,
        null,
        null,
        1,
        null,
        1,
        3,
        null,
        null,
        1,
        1,
        null,
        null,
        null
      ],
      "/home/hubert/ror/angipl/app/models/ability.rb": [
        1,
        1,
        null,
        1,
        135,
        0,
        135,
        92,
        92,
        92,
        92,
        92,
        null,
        92,
        8,
        null,
        null,
        null,
        null,
        null,
        null,
        null
      ],
      "/home/hubert/ror/angipl/app/controllers/games_controller.rb": [
        1,
        null,
        69,
        66,
        66,
        1,
        1,
        1,
        1,
        1,
        1,
        4,
        4,
        66,
        66,
        55,
        null,
        1,
        1,
        1,
        null,
        1,
        null,
        68,
        1,
        1,
        null,
        null,
        68,
        null,
        2,
        1,
        2,
        null,
        null,
        null,
        2,
        null,
        null,
        null,
        0,
        0,
        0,
        null,
        null,
        null,
        0,
        null,
        null,
        1,
        2,
        null,
        null,
        null,
        65,
        null,
        null,
        null,
        68,
        68,
        null,
        null,
        null,
        1,
        null,
        3,
        3,
        3,
        null,
        3,
        3,
        null,
        3,
        null,
        3,
        3,
        null,
        null,
        null,
        1,
        null,
        1,
        68,
        null,
        null,
        1,
        2,
        null,
        null,
        1,
        0,
        null,
        null,
        1,
        68,
        null,
        null,
        1,
        67,
        67,
        67,
        null,
        67,
        267,
        null,
        null,
        1,
        68,
        null,
        null,
        1,
        68,
        null,
        null
      ],
      "/home/hubert/ror/angipl/app/controllers/words_controller.rb": [
        1,
        null,
        34,
        2,
        1,
        1,
        6,
        1,
        1,
        1,
        1,
        1,
        1,
        null,
        1,
        null,
        1,
        2,
        null,
        null,
        null,
        1,
        13,
        null,
        null,
        1,
        2,
        null,
        null,
        1,
        8,
        8,
        8,
        4,
        4,
        null,
        4,
        null,
        null,
        null,
        1,
        1,
        1,
        null,
        0,
        null,
        null,
        null,
        1,
        0,
        0,
        0,
        0,
        0,
        null,
        null,
        null,
        1,
        0,
        0,
        null,
        null,
        0,
        0,
        null,
        0,
        0,
        null,
        null,
        0,
        0,
        null,
        null,
        0,
        0,
        null,
        null,
        0,
        null,
        null,
        null,
        1,
        0,
        0,
        null,
        0,
        0,
        null,
        0,
        0,
        null,
        null,
        0,
        0,
        null,
        null,
        0,
        null,
        null,
        null,
        null,
        1,
        0,
        0,
        0,
        null,
        null,
        1,
        null,
        null,
        1,
        10,
        null,
        null,
        1,
        0,
        0,
        0,
        null,
        null,
        null
      ],
      "/home/hubert/ror/angipl/app/controllers/comments_controller.rb": [
        1,
        1,
        3,
        1,
        2,
        2,
        null,
        2,
        1,
        null,
        1,
        null,
        null,
        null,
        1,
        null,
        1,
        2,
        null,
        null
      ],
      "/home/hubert/ror/angipl/app/controllers/pages_controller.rb": [
        1,
        1,
        null,
        null
      ],
      "/home/hubert/ror/angipl/app/controllers/rankings_controller.rb": [
        1,
        null,
        4,
        null,
        null
      ],
      "/home/hubert/ror/angipl/app/controllers/settings_controller.rb": [
        1,
        null,
        8,
        null,
        1,
        5,
        null,
        null,
        1,
        2,
        2,
        2,
        null,
        0,
        null,
        null,
        null,
        1,
        null,
        1,
        2,
        null,
        null
      ]
    },
    "timestamp": 1475041712
  }
}
